<?xml version="1.0" encoding="UTF-8"?>
<testng-results skipped="0" failed="0" ignored="0" total="2" passed="2">
  <reporter-output>
  </reporter-output>
  <suite name="Default suite" duration-ms="759" started-at="2022-12-22T20:01:27 IST" finished-at="2022-12-22T20:01:27 IST">
    <groups>
    </groups>
    <test name="Default test" duration-ms="759" started-at="2022-12-22T20:01:27 IST" finished-at="2022-12-22T20:01:27 IST">
      <class name="rahulshettyacademy.testcomponents.DemoSample">
        <test-method status="PASS" signature="testSample(java.lang.String, java.lang.String, java.lang.String)[pri:0, instance:rahulshettyacademy.testcomponents.DemoSample@4f51b3e0]" name="testSample" duration-ms="7" started-at="2022-12-22T20:01:27 IST" data-provider="req" finished-at="2022-12-22T20:01:27 IST">
          <params>
            <param index="0">
              <value>
                <![CDATA[hello]]>
              </value>
            </param>
            <param index="1">
              <value>
                <![CDATA[test]]>
              </value>
            </param>
            <param index="2">
              <value>
                <![CDATA[1]]>
              </value>
            </param>
          </params>
          <reporter-output>
          </reporter-output>
        </test-method> <!-- testSample -->
        <test-method status="PASS" signature="testSample(java.lang.String, java.lang.String, java.lang.String)[pri:0, instance:rahulshettyacademy.testcomponents.DemoSample@4f51b3e0]" name="testSample" duration-ms="1" started-at="2022-12-22T20:01:27 IST" data-provider="req" finished-at="2022-12-22T20:01:27 IST">
          <params>
            <param index="0">
              <value>
                <![CDATA[bye]]>
              </value>
            </param>
            <param index="1">
              <value>
                <![CDATA[gone]]>
              </value>
            </param>
            <param index="2">
              <value>
                <![CDATA[123]]>
              </value>
            </param>
          </params>
          <reporter-output>
          </reporter-output>
        </test-method> <!-- testSample -->
      </class> <!-- rahulshettyacademy.testcomponents.DemoSample -->
    </test> <!-- Default test -->
  </suite> <!-- Default suite -->
</testng-results>
